[2018-01-28T20:40:49.433] [INFO] default - [ { id: 122,
    wechat_id: null,
    name: '',
    phone: '11111111111',
    email: '',
    nick_name: '111****',
    sign: '',
    avatar: null,
    status: 1,
    create_time: 2018-01-22T10:19:46.000Z,
    modify_time: 2018-01-22T10:19:46.000Z,
    regist_from: 999999,
    first_logon: 1,
    first_logon_time: 2018-01-22T10:19:46.000Z },
  { id: 123,
    wechat_id: '23',
    name: '',
    phone: '13083495331',
    email: '114@qq.comt',
    nick_name: 'wanzhong了',
    sign: '',
    avatar: 'http://wx.qlogo.cn/mmopen/vi_32/4oLIRNRBbCicgBXfYZ6W2icX2D0HeEWgh7RxJH0HGHsszAhoAbbUhTfFlgvz4IGzeNNDe1bysfSLiaRO0yMHlglrQ/132',
    status: 1,
    create_time: 2018-01-22T11:34:38.000Z,
    modify_time: 2018-01-23T10:05:24.000Z,
    regist_from: 999999,
    first_logon: 1,
    first_logon_time: 2018-01-22T11:34:38.000Z } ]
[2018-01-28T20:43:15.492] [INFO] default - [ { id: 120,
    wechat_id: null,
    name: '',
    phone: '13083495332',
    email: '123@qq.com',
    nick_name: '你好',
    sign: '你我拒绝坐飞机外洗对不起i在嘻哈不饿死对吧刷卡四点黑白相间电脑上酷酷哒看戏机上哪',
    avatar: 'http://izaiqi-oss.oss-cn-hangzhou.aliyuncs.com/jxrs/61cadf244aac9372fb722a1d3abe7490.png',
    status: 1,
    create_time: 2018-01-22T10:08:33.000Z,
    modify_time: 2018-01-22T21:25:18.000Z,
    regist_from: 999999,
    first_logon: 1,
    first_logon_time: 2018-01-22T10:08:33.000Z } ]
[2018-01-28T20:44:05.913] [INFO] default - [ { id: 120,
    wechat_id: null,
    name: '',
    phone: '13083495332',
    email: '123@qq.com',
    nick_name: '你好',
    sign: '你我拒绝坐飞机外洗对不起i在嘻哈不饿死对吧刷卡四点黑白相间电脑上酷酷哒看戏机上哪',
    avatar: 'http://izaiqi-oss.oss-cn-hangzhou.aliyuncs.com/jxrs/61cadf244aac9372fb722a1d3abe7490.png',
    status: 1,
    create_time: 2018-01-22T10:08:33.000Z,
    modify_time: 2018-01-22T21:25:18.000Z,
    regist_from: 999999,
    first_logon: 1,
    first_logon_time: 2018-01-22T10:08:33.000Z } ]
[2018-01-28T20:44:05.926] [INFO] default - [ { id: 122,
    wechat_id: null,
    name: '',
    phone: '11111111111',
    email: '',
    nick_name: '111****',
    sign: '',
    avatar: null,
    status: 1,
    create_time: 2018-01-22T10:19:46.000Z,
    modify_time: 2018-01-22T10:19:46.000Z,
    regist_from: 999999,
    first_logon: 1,
    first_logon_time: 2018-01-22T10:19:46.000Z },
  { id: 123,
    wechat_id: '23',
    name: '',
    phone: '13083495331',
    email: '114@qq.comt',
    nick_name: 'wanzhong了',
    sign: '',
    avatar: 'http://wx.qlogo.cn/mmopen/vi_32/4oLIRNRBbCicgBXfYZ6W2icX2D0HeEWgh7RxJH0HGHsszAhoAbbUhTfFlgvz4IGzeNNDe1bysfSLiaRO0yMHlglrQ/132',
    status: 1,
    create_time: 2018-01-22T11:34:38.000Z,
    modify_time: 2018-01-23T10:05:24.000Z,
    regist_from: 999999,
    first_logon: 1,
    first_logon_time: 2018-01-22T11:34:38.000Z } ]
[2018-01-28T20:44:51.269] [INFO] default - [ { id: 122,
    wechat_id: null,
    name: '',
    phone: '11111111111',
    email: '',
    nick_name: '111****',
    sign: '',
    avatar: null,
    status: 1,
    create_time: 2018-01-22T10:19:46.000Z,
    modify_time: 2018-01-22T10:19:46.000Z,
    regist_from: 999999,
    first_logon: 1,
    first_logon_time: 2018-01-22T10:19:46.000Z },
  { id: 123,
    wechat_id: '23',
    name: '',
    phone: '13083495331',
    email: '114@qq.comt',
    nick_name: 'wanzhong了',
    sign: '',
    avatar: 'http://wx.qlogo.cn/mmopen/vi_32/4oLIRNRBbCicgBXfYZ6W2icX2D0HeEWgh7RxJH0HGHsszAhoAbbUhTfFlgvz4IGzeNNDe1bysfSLiaRO0yMHlglrQ/132',
    status: 1,
    create_time: 2018-01-22T11:34:38.000Z,
    modify_time: 2018-01-23T10:05:24.000Z,
    regist_from: 999999,
    first_logon: 1,
    first_logon_time: 2018-01-22T11:34:38.000Z } ]
[2018-01-28T20:44:51.277] [INFO] default - [ { id: 120,
    wechat_id: null,
    name: '',
    phone: '13083495332',
    email: '123@qq.com',
    nick_name: '你好',
    sign: '你我拒绝坐飞机外洗对不起i在嘻哈不饿死对吧刷卡四点黑白相间电脑上酷酷哒看戏机上哪',
    avatar: 'http://izaiqi-oss.oss-cn-hangzhou.aliyuncs.com/jxrs/61cadf244aac9372fb722a1d3abe7490.png',
    status: 1,
    create_time: 2018-01-22T10:08:33.000Z,
    modify_time: 2018-01-22T21:25:18.000Z,
    regist_from: 999999,
    first_logon: 1,
    first_logon_time: 2018-01-22T10:08:33.000Z } ]
[2018-01-28T20:44:51.279] [INFO] default - [ { id: 130,
    wechat_id: null,
    name: '赵万忠',
    phone: '12311111111',
    email: '',
    nick_name: '123****',
    sign: '',
    avatar: null,
    status: 1,
    create_time: 2018-01-23T15:14:11.000Z,
    modify_time: 2018-01-23T15:17:56.000Z,
    regist_from: 999999,
    first_logon: 1,
    first_logon_time: 2018-01-23T15:14:11.000Z },
  { id: 133,
    wechat_id: null,
    name: '赵万忠',
    phone: '12344444444',
    email: '',
    nick_name: '123****',
    sign: '',
    avatar: null,
    status: 1,
    create_time: 2018-01-23T15:21:21.000Z,
    modify_time: 2018-01-23T15:21:55.000Z,
    regist_from: 999999,
    first_logon: 1,
    first_logon_time: 2018-01-23T15:21:21.000Z },
  { id: 134,
    wechat_id: null,
    name: '赵万忠',
    phone: '12355555555',
    email: '',
    nick_name: '123****',
    sign: '',
    avatar: null,
    status: 1,
    create_time: 2018-01-23T17:11:30.000Z,
    modify_time: 2018-01-23T17:14:27.000Z,
    regist_from: 999999,
    first_logon: 1,
    first_logon_time: 2018-01-23T17:11:30.000Z },
  { id: 136,
    wechat_id: null,
    name: '赵万忠',
    phone: '12377777777',
    email: '',
    nick_name: '123****',
    sign: '',
    avatar: null,
    status: 1,
    create_time: 2018-01-23T17:17:45.000Z,
    modify_time: 2018-01-23T17:18:26.000Z,
    regist_from: 999999,
    first_logon: 1,
    first_logon_time: 2018-01-23T17:17:45.000Z },
  { id: 137,
    wechat_id: null,
    name: '赵万忠',
    phone: '12388888888',
    email: '',
    nick_name: '123****',
    sign: '',
    avatar: null,
    status: 1,
    create_time: 2018-01-23T17:20:22.000Z,
    modify_time: 2018-01-23T17:22:37.000Z,
    regist_from: 999999,
    first_logon: 1,
    first_logon_time: 2018-01-23T17:20:22.000Z } ]
[2018-01-28T21:20:36.810] [INFO] default - 赵万忠 赵万忠 赵万忠
[2018-01-28T21:21:27.457] [INFO] default - 赵万忠 赵万忠 赵万忠
[2018-01-28T21:21:27.463] [INFO] default -   
[2018-01-28T21:21:27.463] [INFO] default -   
[2018-01-28T21:21:27.464] [INFO] default -   
[2018-01-28T21:21:27.464] [INFO] default -   
[2018-01-28T21:21:27.465] [INFO] default -   
[2018-01-28T21:21:27.465] [INFO] default -   
[2018-01-28T21:21:27.465] [INFO] default -   
[2018-01-28T21:21:27.465] [INFO] default -   
[2018-01-28T21:21:27.465] [INFO] default -   
[2018-01-28T21:21:27.465] [INFO] default - 赵万忠 赵万忠 赵万忠
[2018-01-28T21:21:27.466] [INFO] default -   
[2018-01-28T21:21:27.466] [INFO] default -   
[2018-01-28T21:21:27.466] [INFO] default - 赵万忠 赵万忠 赵万忠
[2018-01-28T21:21:27.466] [INFO] default - 赵万忠 赵万忠 赵万忠
[2018-01-28T21:21:27.466] [INFO] default -   
[2018-01-28T21:21:27.467] [INFO] default - 赵万忠 赵万忠 赵万忠
[2018-01-28T21:21:27.467] [INFO] default - 赵万忠 赵万忠 赵万忠
[2018-01-28T21:21:27.467] [INFO] default -   
[2018-01-28T21:21:57.633] [INFO] default - 130 '赵万忠' '赵万忠' '赵万忠'
[2018-01-28T21:21:57.640] [INFO] default - 120 '' '' ''
[2018-01-28T21:21:57.641] [INFO] default - 122 '' '' ''
[2018-01-28T21:21:57.641] [INFO] default - 123 '' '' ''
[2018-01-28T21:21:57.642] [INFO] default - 124 '' '' ''
[2018-01-28T21:21:57.642] [INFO] default - 125 '' '' ''
[2018-01-28T21:21:57.642] [INFO] default - 126 '' '' ''
[2018-01-28T21:21:57.642] [INFO] default - 127 '' '' ''
[2018-01-28T21:21:57.643] [INFO] default - 128 '' '' ''
[2018-01-28T21:21:57.643] [INFO] default - 129 '' '' ''
[2018-01-28T21:21:57.643] [INFO] default - 130 '赵万忠' '赵万忠' '赵万忠'
[2018-01-28T21:21:57.643] [INFO] default - 131 '' '' ''
[2018-01-28T21:21:57.643] [INFO] default - 132 '' '' ''
[2018-01-28T21:21:57.644] [INFO] default - 133 '赵万忠' '赵万忠' '赵万忠'
[2018-01-28T21:21:57.644] [INFO] default - 134 '赵万忠' '赵万忠' '赵万忠'
[2018-01-28T21:21:57.644] [INFO] default - 135 '' '' ''
[2018-01-28T21:21:57.644] [INFO] default - 136 '赵万忠' '赵万忠' '赵万忠'
[2018-01-28T21:21:57.644] [INFO] default - 137 '赵万忠' '赵万忠' '赵万忠'
[2018-01-28T21:21:57.645] [INFO] default - 138 '' '' ''
[2018-01-28T21:22:14.898] [INFO] default - 130 '赵万忠' '赵万忠' '赵万忠'
[2018-01-28T21:22:14.903] [INFO] default -   
[2018-01-28T21:22:14.904] [INFO] default -   
[2018-01-28T21:22:14.904] [INFO] default -   
[2018-01-28T21:22:14.905] [INFO] default -   
[2018-01-28T21:22:14.905] [INFO] default -   
[2018-01-28T21:22:14.905] [INFO] default -   
[2018-01-28T21:22:14.905] [INFO] default -   
[2018-01-28T21:22:14.905] [INFO] default -   
[2018-01-28T21:22:14.905] [INFO] default -   
[2018-01-28T21:22:14.906] [INFO] default - 赵万忠 赵万忠 赵万忠
[2018-01-28T21:22:14.906] [INFO] default -   
[2018-01-28T21:22:14.906] [INFO] default -   
[2018-01-28T21:22:14.906] [INFO] default - 赵万忠 赵万忠 赵万忠
[2018-01-28T21:22:14.906] [INFO] default - 赵万忠 赵万忠 赵万忠
[2018-01-28T21:22:14.907] [INFO] default -   
[2018-01-28T21:22:14.907] [INFO] default - 赵万忠 赵万忠 赵万忠
[2018-01-28T21:22:14.907] [INFO] default - 赵万忠 赵万忠 赵万忠
[2018-01-28T21:22:14.907] [INFO] default -   
[2018-01-28T21:22:23.450] [INFO] default - 130 '赵万忠' '赵万忠' '赵万忠'
[2018-01-28T21:22:23.456] [INFO] default - 120 '' '' ''
[2018-01-28T21:22:23.456] [INFO] default - 122 '' '' ''
[2018-01-28T21:22:23.457] [INFO] default - 123 '' '' ''
[2018-01-28T21:22:23.457] [INFO] default - 124 '' '' ''
[2018-01-28T21:22:23.457] [INFO] default - 125 '' '' ''
[2018-01-28T21:22:23.457] [INFO] default - 126 '' '' ''
[2018-01-28T21:22:23.457] [INFO] default - 127 '' '' ''
[2018-01-28T21:22:23.457] [INFO] default - 128 '' '' ''
[2018-01-28T21:22:23.457] [INFO] default - 129 '' '' ''
[2018-01-28T21:22:23.458] [INFO] default - 130 '赵万忠' '赵万忠' '赵万忠'
[2018-01-28T21:22:23.458] [INFO] default - 131 '' '' ''
[2018-01-28T21:22:23.458] [INFO] default - 132 '' '' ''
[2018-01-28T21:22:23.458] [INFO] default - 133 '赵万忠' '赵万忠' '赵万忠'
[2018-01-28T21:22:23.458] [INFO] default - 134 '赵万忠' '赵万忠' '赵万忠'
[2018-01-28T21:22:23.458] [INFO] default - 135 '' '' ''
[2018-01-28T21:22:23.459] [INFO] default - 136 '赵万忠' '赵万忠' '赵万忠'
[2018-01-28T21:22:23.459] [INFO] default - 137 '赵万忠' '赵万忠' '赵万忠'
[2018-01-28T21:22:23.459] [INFO] default - 138 '' '' ''
